0 info it worked if it ends with ok
1 verbose cli [ '/usr/bin/node', '/usr/bin/npm', 'install' ]
2 info using npm@1.4.28
3 info using node@v0.10.33
4 verbose node symlink /usr/bin/node
5 warn package.json TCC@1.0.0 No repository field.
6 warn package.json TCC@1.0.0 No README data
7 verbose readDependencies using package.json deps
8 verbose install where, deps [ '/home/fabricio/TCC/servidor',
8 verbose install   [ 'body-parser',
8 verbose install     'connect-flash',
8 verbose install     'cookie',
8 verbose install     'cors',
8 verbose install     'errorhandler',
8 verbose install     'express',
8 verbose install     'lodash',
8 verbose install     'method-override',
8 verbose install     'morgan',
8 verbose install     'mysql',
8 verbose install     'passport',
8 verbose install     'passport-local',
8 verbose install     'pg',
8 verbose install     'password-hash',
8 verbose install     'sequelize',
8 verbose install     'forever',
8 verbose install     'forever-monitor',
8 verbose install     'swig',
8 verbose install     'socket.io' ] ]
9 info preinstall TCC@1.0.0
10 verbose readDependencies using package.json deps
11 verbose already installed skipping errorhandler@>= 1.0.0 /home/fabricio/TCC/servidor
12 verbose already installed skipping express@= 3.x.x /home/fabricio/TCC/servidor
13 verbose already installed skipping lodash@>= 2.4.1 /home/fabricio/TCC/servidor
14 verbose already installed skipping method-override@>= 1.0.0 /home/fabricio/TCC/servidor
15 verbose already installed skipping morgan@>= 1.0.0 /home/fabricio/TCC/servidor
16 verbose already installed skipping mysql@>= 2.4.2 /home/fabricio/TCC/servidor
17 verbose already installed skipping passport@>= 0.0.0 /home/fabricio/TCC/servidor
18 verbose already installed skipping passport-local@>= 0.0.0 /home/fabricio/TCC/servidor
19 verbose already installed skipping pg@>= 3.4.1 /home/fabricio/TCC/servidor
20 verbose already installed skipping password-hash@>= 0.0.0 /home/fabricio/TCC/servidor
21 verbose cache add [ 'sequelize@2.0.0-rc9', null ]
22 verbose cache add name=undefined spec="sequelize@2.0.0-rc9" args=["sequelize@2.0.0-rc9",null]
23 verbose parsed url { protocol: null,
23 verbose parsed url   slashes: null,
23 verbose parsed url   auth: null,
23 verbose parsed url   host: null,
23 verbose parsed url   port: null,
23 verbose parsed url   hostname: null,
23 verbose parsed url   hash: null,
23 verbose parsed url   search: null,
23 verbose parsed url   query: null,
23 verbose parsed url   pathname: 'sequelize@2.0.0-rc9',
23 verbose parsed url   path: 'sequelize@2.0.0-rc9',
23 verbose parsed url   href: 'sequelize@2.0.0-rc9' }
24 verbose already installed skipping forever@>= 0.13.0 /home/fabricio/TCC/servidor
25 verbose cache add name="sequelize" spec="2.0.0-rc9" args=["sequelize","2.0.0-rc9"]
26 verbose parsed url { protocol: null,
26 verbose parsed url   slashes: null,
26 verbose parsed url   auth: null,
26 verbose parsed url   host: null,
26 verbose parsed url   port: null,
26 verbose parsed url   hostname: null,
26 verbose parsed url   hash: null,
26 verbose parsed url   search: null,
26 verbose parsed url   query: null,
26 verbose parsed url   pathname: '2.0.0-rc9',
26 verbose parsed url   path: '2.0.0-rc9',
26 verbose parsed url   href: '2.0.0-rc9' }
27 verbose addNamed [ 'sequelize', '2.0.0-rc9' ]
28 verbose addNamed [ '2.0.0-rc9', '2.0.0-rc9' ]
29 verbose already installed skipping forever-monitor@>= 0.13.0 /home/fabricio/TCC/servidor
30 silly lockFile 9f23148f-sequelize-2-0-0-rc9 sequelize@2.0.0-rc9
31 verbose lock sequelize@2.0.0-rc9 /home/fabricio/.npm/9f23148f-sequelize-2-0-0-rc9.lock
32 verbose already installed skipping swig@^1.4.2 /home/fabricio/TCC/servidor
33 verbose already installed skipping socket.io@1.3.5 /home/fabricio/TCC/servidor
34 verbose already installed skipping body-parser@>= 1.0.0 /home/fabricio/TCC/servidor
35 verbose request where is /sequelize
36 verbose request registry https://registry.npmjs.org/
37 verbose request id 6e41371fecfcb169
38 verbose url raw /sequelize
39 verbose url resolving [ 'https://registry.npmjs.org/', './sequelize' ]
40 verbose url resolved https://registry.npmjs.org/sequelize
41 verbose request where is https://registry.npmjs.org/sequelize
42 info trying registry request attempt 1 at 15:28:18
43 verbose etag "C65TCROK5QSYMEPNS7ZFOGFGQ"
44 http GET https://registry.npmjs.org/sequelize
45 verbose already installed skipping connect-flash@>= 0.1.x /home/fabricio/TCC/servidor
46 verbose already installed skipping cookie@>= 0.1.2 /home/fabricio/TCC/servidor
47 verbose already installed skipping cors@>= 2.4.1 /home/fabricio/TCC/servidor
48 http 304 https://registry.npmjs.org/sequelize
49 silly registry.get cb [ 304,
49 silly registry.get   { date: 'Wed, 17 Jun 2015 18:28:18 GMT',
49 silly registry.get     via: '1.1 varnish',
49 silly registry.get     'cache-control': 'max-age=60',
49 silly registry.get     etag: '"C65TCROK5QSYMEPNS7ZFOGFGQ"',
49 silly registry.get     age: '0',
49 silly registry.get     connection: 'keep-alive',
49 silly registry.get     'x-served-by': 'cache-atl6231-ATL',
49 silly registry.get     'x-cache': 'HIT',
49 silly registry.get     'x-cache-hits': '1',
49 silly registry.get     'x-timer': 'S1434565698.708902,VS0,VE30',
49 silly registry.get     vary: 'Accept' } ]
50 verbose etag https://registry.npmjs.org/sequelize from cache
51 silly lockFile 9f23148f-sequelize-2-0-0-rc9 sequelize@2.0.0-rc9
52 silly lockFile 9f23148f-sequelize-2-0-0-rc9 sequelize@2.0.0-rc9
53 error Error: version not found: sequelize@2.0.0-rc9
53 error     at /usr/lib/node_modules/npm/lib/cache/add-named.js:125:12
53 error     at saved (/usr/lib/node_modules/npm/node_modules/npm-registry-client/lib/get.js:167:7)
53 error     at Object.oncomplete (fs.js:107:15)
54 error If you need help, you may report this *entire* log,
54 error including the npm and node versions, at:
54 error     <http://github.com/npm/npm/issues>
55 error System Linux 3.16.0-41-generic
56 error command "/usr/bin/node" "/usr/bin/npm" "install"
57 error cwd /home/fabricio/TCC/servidor
58 error node -v v0.10.33
59 error npm -v 1.4.28
60 verbose exit [ 1, true ]
